2024-08-14 15:34:40 INFO  c.example.LogDemo.LogDemoApplication - Starting LogDemoApplication using Java 17.0.4.1 with PID 9081 (/Users/sanick.ikani/LogDemo/build/classes/java/main started by sanick.ikani in /Users/sanick.ikani/LogDemo)
2024-08-14 15:34:40 INFO  c.example.LogDemo.LogDemoApplication - No active profile set, falling back to 1 default profile: "default"
2024-08-14 15:34:43 INFO  o.s.b.w.e.tomcat.TomcatWebServer - Tomcat initialized with port 8080 (http)
2024-08-14 15:34:44 INFO  o.a.coyote.http11.Http11NioProtocol - Initializing ProtocolHandler ["http-nio-8080"]
2024-08-14 15:34:44 INFO  o.a.catalina.core.StandardService - Starting service [Tomcat]
2024-08-14 15:34:44 INFO  o.a.catalina.core.StandardEngine - Starting Servlet engine: [Apache Tomcat/10.1.26]
2024-08-14 15:34:44 INFO  o.a.c.c.C.[Tomcat].[localhost].[/] - Initializing Spring embedded WebApplicationContext
2024-08-14 15:34:44 INFO  o.s.b.w.s.c.ServletWebServerApplicationContext - Root WebApplicationContext: initialization completed in 3356 ms
2024-08-14 15:34:44 INFO  o.a.coyote.http11.Http11NioProtocol - Starting ProtocolHandler ["http-nio-8080"]
2024-08-14 15:34:44 INFO  o.s.b.w.e.tomcat.TomcatWebServer - Tomcat started on port 8080 (http) with context path '/'
2024-08-14 15:34:44 INFO  c.example.LogDemo.LogDemoApplication - Started LogDemoApplication in 6.489 seconds (process running for 7.391)
2024-08-14 15:35:14 INFO  c.example.LogDemo.LogDemoApplication - Starting LogDemoApplication using Java 17.0.4.1 with PID 9301 (/Users/sanick.ikani/LogDemo/build/classes/java/main started by sanick.ikani in /Users/sanick.ikani/LogDemo)
2024-08-14 15:35:14 INFO  c.example.LogDemo.LogDemoApplication - No active profile set, falling back to 1 default profile: "default"
2024-08-14 15:35:16 INFO  o.s.b.w.e.tomcat.TomcatWebServer - Tomcat initialized with port 8080 (http)
2024-08-14 15:35:17 INFO  o.a.coyote.http11.Http11NioProtocol - Initializing ProtocolHandler ["http-nio-8080"]
2024-08-14 15:35:17 INFO  o.a.catalina.core.StandardService - Starting service [Tomcat]
2024-08-14 15:35:17 INFO  o.a.catalina.core.StandardEngine - Starting Servlet engine: [Apache Tomcat/10.1.26]
2024-08-14 15:35:17 INFO  o.a.c.c.C.[Tomcat].[localhost].[/] - Initializing Spring embedded WebApplicationContext
2024-08-14 15:35:17 INFO  o.s.b.w.s.c.ServletWebServerApplicationContext - Root WebApplicationContext: initialization completed in 2528 ms
2024-08-14 15:35:18 INFO  o.a.coyote.http11.Http11NioProtocol - Starting ProtocolHandler ["http-nio-8080"]
2024-08-14 15:35:18 INFO  o.s.b.w.e.tomcat.TomcatWebServer - Tomcat started on port 8080 (http) with context path '/'
2024-08-14 15:35:18 INFO  c.example.LogDemo.LogDemoApplication - Started LogDemoApplication in 7.291 seconds (process running for 8.087)
